#
# There is insufficient memory for the Java Runtime Environment to continue.
# Native memory allocation (malloc) failed to allocate 342736 bytes for Chunk::new
# Possible reasons:
#   The system is out of physical RAM or swap space
#   The process is running with CompressedOops enabled, and the Java Heap may be blocking the growth of the native heap
# Possible solutions:
#   Reduce memory load on the system
#   Increase physical memory or swap space
#   Check if swap backing store is full
#   Decrease Java heap size (-Xmx/-Xms)
#   Decrease number of Java threads
#   Decrease Java thread stack sizes (-Xss)
#   Set larger code cache with -XX:ReservedCodeCacheSize=
#   JVM is running with Unscaled Compressed Oops mode in which the Java heap is
#     placed in the first 4GB address space. The Java Heap base address is the
#     maximum limit for the native heap growth. Please use -XX:HeapBaseMinAddress
#     to set the Java Heap base and to place the Java Heap above 4GB virtual address.
# This output file may be truncated or incomplete.
#
#  Out of Memory Error (t:/workspace/open/src/hotspot/share/memory/arena.cpp:197), pid=5768, tid=4344
#
# JRE version: OpenJDK Runtime Environment (11.0+28) (build 11+28)
# Java VM: OpenJDK 64-Bit Server VM (11+28, mixed mode, tiered, compressed oops, g1 gc, windows-amd64)
# No core dump will be written. Minidumps are not enabled by default on client versions of Windows
#

---------------  S U M M A R Y ------------

Command Line: --add-opens=java.base/java.util=ALL-UNNAMED --add-opens=java.base/java.lang=ALL-UNNAMED --add-opens=java.base/java.lang.invoke=ALL-UNNAMED --add-opens=java.prefs/java.util.prefs=ALL-UNNAMED -XX:MaxMetaspaceSize=256m -XX:+HeapDumpOnOutOfMemoryError -Xms256m -Xmx512m -Dfile.encoding=windows-1251 -Duser.country=RU -Duser.language=ru -Duser.variant org.gradle.launcher.daemon.bootstrap.GradleDaemon 6.4.1

Host: Intel(R) Celeron(R) CPU  N2830  @ 2.16GHz, 2 cores, 3G,  Windows 7 , 64 bit Build 7601 (6.1.7601.23915)
Time: Mon Aug  3 17:24:02 2020 Aaea?onu (ceia) elapsed time: 30 seconds (0d 0h 0m 30s)

---------------  T H R E A D  ---------------

Current thread (0x000000001e2d7800):  JavaThread "C2 CompilerThread0" daemon [_thread_in_native, id=4344, stack(0x000000001eb20000,0x000000001ec20000)]


Current CompileTask:
C2:  30154 1777   !   4       java.util.concurrent.ConcurrentHashMap::putVal (432 bytes)

Stack: [0x000000001eb20000,0x000000001ec20000]
Native frames: (J=compiled Java code, j=interpreted, Vv=VM code, C=native code)
V  [jvm.dll+0x63adaa]
V  [jvm.dll+0x77852f]
V  [jvm.dll+0x779b18]
V  [jvm.dll+0x77a1d3]
V  [jvm.dll+0x2624c8]
V  [jvm.dll+0xc5b61]
V  [jvm.dll+0xc60fc]
V  [jvm.dll+0x36e6d7]
V  [jvm.dll+0x33b433]
V  [jvm.dll+0x33a80a]
V  [jvm.dll+0x21c365]
V  [jvm.dll+0x21b50a]
V  [jvm.dll+0x198400]
V  [jvm.dll+0x22a4ff]
V  [jvm.dll+0x228b18]
V  [jvm.dll+0x73dc3d]
V  [jvm.dll+0x639e42]
C  [ucrtbase.DLL+0x1d885]
C  [kernel32.dll+0x159cd]
C  [ntdll.dll+0x2a561]


---------------  P R O C E S S  ---------------

Threads class SMR info:
_java_thread_list=0x000000001ff1dd90, length=20, elements={
0x00000000003a7800, 0x000000001e273800, 0x000000001e2c5800, 0x000000001e2d3800,
0x000000001e2d4800, 0x000000001e2d7800, 0x000000001e2dc000, 0x000000001e2df000,
0x000000001f0fe800, 0x000000001f104800, 0x0000000020407800, 0x00000000203e7800,
0x000000001fdf6000, 0x000000001fc26800, 0x000000001faf2000, 0x000000001ff1d000,
0x00000000205f5800, 0x000000001ff10800, 0x000000001ff11000, 0x00000000205a9800
}

Java Threads: ( => current thread )
  0x00000000003a7800 JavaThread "main" [_thread_blocked, id=1748, stack(0x00000000021c0000,0x00000000022c0000)]
  0x000000001e273800 JavaThread "Reference Handler" daemon [_thread_blocked, id=4700, stack(0x000000001e5f0000,0x000000001e6f0000)]
  0x000000001e2c5800 JavaThread "Finalizer" daemon [_thread_blocked, id=4396, stack(0x000000001e710000,0x000000001e810000)]
  0x000000001e2d3800 JavaThread "Signal Dispatcher" daemon [_thread_blocked, id=5520, stack(0x000000001e880000,0x000000001e980000)]
  0x000000001e2d4800 JavaThread "Attach Listener" daemon [_thread_blocked, id=5516, stack(0x000000001ea10000,0x000000001eb10000)]
=>0x000000001e2d7800 JavaThread "C2 CompilerThread0" daemon [_thread_in_native, id=4344, stack(0x000000001eb20000,0x000000001ec20000)]
  0x000000001e2dc000 JavaThread "C1 CompilerThread0" daemon [_thread_blocked, id=3352, stack(0x000000001edd0000,0x000000001eed0000)]
  0x000000001e2df000 JavaThread "Sweeper thread" daemon [_thread_blocked, id=2416, stack(0x000000001eef0000,0x000000001eff0000)]
  0x000000001f0fe800 JavaThread "Common-Cleaner" daemon [_thread_blocked, id=4596, stack(0x000000001ec70000,0x000000001ed70000)]
  0x000000001f104800 JavaThread "Service Thread" daemon [_thread_blocked, id=5720, stack(0x000000001f530000,0x000000001f630000)]
  0x0000000020407800 JavaThread "Daemon health stats" [_thread_blocked, id=4424, stack(0x0000000021670000,0x0000000021770000)]
  0x00000000203e7800 JavaThread "Incoming local TCP Connector on port 51100" [_thread_in_native, id=5732, stack(0x000000001f410000,0x000000001f510000)]
  0x000000001fdf6000 JavaThread "Daemon periodic checks" [_thread_blocked, id=3992, stack(0x0000000022050000,0x0000000022150000)]
  0x000000001fc26800 JavaThread "Daemon" [_thread_blocked, id=3828, stack(0x0000000021f20000,0x0000000022020000)]
  0x000000001faf2000 JavaThread "Handler for socket connection from /127.0.0.1:51100 to /127.0.0.1:51101" [_thread_in_native, id=5440, stack(0x0000000022370000,0x0000000022470000)]
  0x000000001ff1d000 JavaThread "Cancel handler" [_thread_blocked, id=5820, stack(0x0000000022610000,0x0000000022710000)]
  0x00000000205f5800 JavaThread "Daemon worker" [_thread_in_native, id=2564, stack(0x0000000022790000,0x0000000022890000)]
  0x000000001ff10800 JavaThread "Asynchronous log dispatcher for DefaultDaemonConnection: socket connection from /127.0.0.1:51100 to /127.0.0.1:51101" [_thread_blocked, id=2280, stack(0x00000000229b0000,0x0000000022ab0000)]
  0x000000001ff11000 JavaThread "Stdin handler" [_thread_blocked, id=5928, stack(0x0000000022ba0000,0x0000000022ca0000)]
  0x00000000205a9800 JavaThread "Thread-8" [_thread_blocked, id=3936, stack(0x00000000228b0000,0x00000000229b0000)]

Other Threads:
  0x000000001e26f800 VMThread "VM Thread" [stack: 0x000000001e4a0000,0x000000001e5a0000] [id=2996]
  0x000000001f107000 WatcherThread [stack: 0x000000001f650000,0x000000001f750000] [id=3996]
  0x00000000003c0000 GCTaskThread "GC Thread#0" [stack: 0x0000000019af0000,0x0000000019bf0000] [id=1320]
  0x000000001f167800 GCTaskThread "GC Thread#1" [stack: 0x0000000020090000,0x0000000020190000] [id=4868]
  0x00000000003cf800 ConcurrentGCThread "G1 Main Marker" [stack: 0x000000001b2f0000,0x000000001b3f0000] [id=5752]
  0x00000000003d1800 ConcurrentGCThread "G1 Conc#0" [stack: 0x000000001b1f0000,0x000000001b2f0000] [id=5364]
  0x000000001d688800 ConcurrentGCThread "G1 Refine#0" [stack: 0x000000001d890000,0x000000001d990000] [id=5948]
  0x000000001d689000 ConcurrentGCThread "G1 Young RemSet Sampling" [stack: 0x000000001d730000,0x000000001d830000] [id=5128]

Threads with active compile tasks:
C2 CompilerThread01777   !   4       java.util.concurrent.ConcurrentHashMap::putVal (432 bytes)

VM state:not at safepoint (normal execution)

VM Mutex/Monitor currently owned by a thread: None

Heap address: 0x00000000e0000000, size: 512 MB, Compressed Oops mode: 32-bit
Narrow klass base: 0x0000000000000000, Narrow klass shift: 3
Compressed class space size: 260046848 Address: 0x0000000100000000

Heap:
 garbage-first heap   total 262144K, used 42584K [0x00000000e0000000, 0x0000000100000000)
  region size 1024K, 33 young (33792K), 3 survivors (3072K)
 Metaspace       used 17833K, capacity 18280K, committed 18432K, reserved 270336K
  class space    used 2139K, capacity 2296K, committed 2304K, reserved 253952K
Heap Regions: E=young(eden), S=young(survivor), O=old, HS=humongous(starts), HC=humongous(continues), CS=collection set, F=free, A=archive, TAMS=top-at-mark-start (previous, next)
|   0|0x00000000e0000000, 0x00000000e0100000, 0x00000000e0100000|100%| O|  |TAMS 0x00000000e0000000, 0x00000000e0000000| Untracked 
|   1|0x00000000e0100000, 0x00000000e0200000, 0x00000000e0200000|100%| O|  |TAMS 0x00000000e0100000, 0x00000000e0100000| Untracked 
|   2|0x00000000e0200000, 0x00000000e0300000, 0x00000000e0300000|100%| O|  |TAMS 0x00000000e0200000, 0x00000000e0200000| Untracked 
|   3|0x00000000e0300000, 0x00000000e0400000, 0x00000000e0400000|100%|HS|  |TAMS 0x00000000e0300000, 0x00000000e0300000| Complete 
|   4|0x00000000e0400000, 0x00000000e0500000, 0x00000000e0500000|100%|HC|  |TAMS 0x00000000e0400000, 0x00000000e0400000| Complete 
|   5|0x00000000e0500000, 0x00000000e0600000, 0x00000000e0600000|100%|HC|  |TAMS 0x00000000e0500000, 0x00000000e0500000| Complete 
|   6|0x00000000e0600000, 0x00000000e0700000, 0x00000000e0700000|100%| O|  |TAMS 0x00000000e0600000, 0x00000000e0600000| Untracked 
|   7|0x00000000e0700000, 0x00000000e0800000, 0x00000000e0800000|100%| O|  |TAMS 0x00000000e0700000, 0x00000000e0700000| Untracked 
|   8|0x00000000e0800000, 0x00000000e0900000, 0x00000000e0900000|100%| O|  |TAMS 0x00000000e0800000, 0x00000000e0800000| Untracked 
|   9|0x00000000e0900000, 0x00000000e0996000, 0x00000000e0a00000| 58%| O|  |TAMS 0x00000000e0900000, 0x00000000e0900000| Untracked 
|  10|0x00000000e0a00000, 0x00000000e0a00000, 0x00000000e0b00000|  0%| F|  |TAMS 0x00000000e0a00000, 0x00000000e0a00000| Untracked 
|  11|0x00000000e0b00000, 0x00000000e0b00000, 0x00000000e0c00000|  0%| F|  |TAMS 0x00000000e0b00000, 0x00000000e0b00000| Untracked 
|  12|0x00000000e0c00000, 0x00000000e0c00000, 0x00000000e0d00000|  0%| F|  |TAMS 0x00000000e0c00000, 0x00000000e0c00000| Untracked 
|  13|0x00000000e0d00000, 0x00000000e0d00000, 0x00000000e0e00000|  0%| F|  |TAMS 0x00000000e0d00000, 0x00000000e0d00000| Untracked 
|  14|0x00000000e0e00000, 0x00000000e0e00000, 0x00000000e0f00000|  0%| F|  |TAMS 0x00000000e0e00000, 0x00000000e0e00000| Untracked 
|  15|0x00000000e0f00000, 0x00000000e0f00000, 0x00000000e1000000|  0%| F|  |TAMS 0x00000000e0f00000, 0x00000000e0f00000| Untracked 
|  16|0x00000000e1000000, 0x00000000e1000000, 0x00000000e1100000|  0%| F|  |TAMS 0x00000000e1000000, 0x00000000e1000000| Untracked 
|  17|0x00000000e1100000, 0x00000000e1100000, 0x00000000e1200000|  0%| F|  |TAMS 0x00000000e1100000, 0x00000000e1100000| Untracked 
|  18|0x00000000e1200000, 0x00000000e1200000, 0x00000000e1300000|  0%| F|  |TAMS 0x00000000e1200000, 0x00000000e1200000| Untracked 
|  19|0x00000000e1300000, 0x00000000e1300000, 0x00000000e1400000|  0%| F|  |TAMS 0x00000000e1300000, 0x00000000e1300000| Untracked 
|  20|0x00000000e1400000, 0x00000000e1400000, 0x00000000e1500000|  0%| F|  |TAMS 0x00000000e1400000, 0x00000000e1400000| Untracked 
|  21|0x00000000e1500000, 0x00000000e1500000, 0x00000000e1600000|  0%| F|  |TAMS 0x00000000e1500000, 0x00000000e1500000| Untracked 
|  22|0x00000000e1600000, 0x00000000e1600000, 0x00000000e1700000|  0%| F|  |TAMS 0x00000000e1600000, 0x00000000e1600000| Untracked 
|  23|0x00000000e1700000, 0x00000000e1700000, 0x00000000e1800000|  0%| F|  |TAMS 0x00000000e1700000, 0x00000000e1700000| Untracked 
|  24|0x00000000e1800000, 0x00000000e1800000, 0x00000000e1900000|  0%| F|  |TAMS 0x00000000e1800000, 0x00000000e1800000| Untracked 
|  25|0x00000000e1900000, 0x00000000e1900000, 0x00000000e1a00000|  0%| F|  |TAMS 0x00000000e1900000, 0x00000000e1900000| Untracked 
|  26|0x00000000e1a00000, 0x00000000e1a00000, 0x00000000e1b00000|  0%| F|  |TAMS 0x00000000e1a00000, 0x00000000e1a00000| Untracked 
|  27|0x00000000e1b00000, 0x00000000e1b00000, 0x00000000e1c00000|  0%| F|  |TAMS 0x00000000e1b00000, 0x00000000e1b00000| Untracked 
|  28|0x00000000e1c00000, 0x00000000e1c00000, 0x00000000e1d00000|  0%| F|  |TAMS 0x00000000e1c00000, 0x00000000e1c00000| Untracked 
|  29|0x00000000e1d00000, 0x00000000e1d00000, 0x00000000e1e00000|  0%| F|  |TAMS 0x00000000e1d00000, 0x00000000e1d00000| Untracked 
|  30|0x00000000e1e00000, 0x00000000e1e00000, 0x00000000e1f00000|  0%| F|  |TAMS 0x00000000e1e00000, 0x00000000e1e00000| Untracked 
|  31|0x00000000e1f00000, 0x00000000e1f00000, 0x00000000e2000000|  0%| F|  |TAMS 0x00000000e1f00000, 0x00000000e1f00000| Untracked 
|  32|0x00000000e2000000, 0x00000000e2000000, 0x00000000e2100000|  0%| F|  |TAMS 0x00000000e2000000, 0x00000000e2000000| Untracked 
|  33|0x00000000e2100000, 0x00000000e2100000, 0x00000000e2200000|  0%| F|  |TAMS 0x00000000e2100000, 0x00000000e2100000| Untracked 
|  34|0x00000000e2200000, 0x00000000e2200000, 0x00000000e2300000|  0%| F|  |TAMS 0x00000000e2200000, 0x00000000e2200000| Untracked 
|  35|0x00000000e2300000, 0x00000000e2300000, 0x00000000e2400000|  0%| F|  |TAMS 0x00000000e2300000, 0x00000000e2300000| Untracked 
|  36|0x00000000e2400000, 0x00000000e2400000, 0x00000000e2500000|  0%| F|  |TAMS 0x00000000e2400000, 0x00000000e2400000| Untracked 
|  37|0x00000000e2500000, 0x00000000e2500000, 0x00000000e2600000|  0%| F|  |TAMS 0x00000000e2500000, 0x00000000e2500000| Untracked 
|  38|0x00000000e2600000, 0x00000000e2600000, 0x00000000e2700000|  0%| F|  |TAMS 0x00000000e2600000, 0x00000000e2600000| Untracked 
|  39|0x00000000e2700000, 0x00000000e2700000, 0x00000000e2800000|  0%| F|  |TAMS 0x00000000e2700000, 0x00000000e2700000| Untracked 
|  40|0x00000000e2800000, 0x00000000e2800000, 0x00000000e2900000|  0%| F|  |TAMS 0x00000000e2800000, 0x00000000e2800000| Untracked 
|  41|0x00000000e2900000, 0x00000000e2900000, 0x00000000e2a00000|  0%| F|  |TAMS 0x00000000e2900000, 0x00000000e2900000| Untracked 
|  42|0x00000000e2a00000, 0x00000000e2a00000, 0x00000000e2b00000|  0%| F|  |TAMS 0x00000000e2a00000, 0x00000000e2a00000| Untracked 
|  43|0x00000000e2b00000, 0x00000000e2b00000, 0x00000000e2c00000|  0%| F|  |TAMS 0x00000000e2b00000, 0x00000000e2b00000| Untracked 
|  44|0x00000000e2c00000, 0x00000000e2c00000, 0x00000000e2d00000|  0%| F|  |TAMS 0x00000000e2c00000, 0x00000000e2c00000| Untracked 
|  45|0x00000000e2d00000, 0x00000000e2d00000, 0x00000000e2e00000|  0%| F|  |TAMS 0x00000000e2d00000, 0x00000000e2d00000| Untracked 
|  46|0x00000000e2e00000, 0x00000000e2e00000, 0x00000000e2f00000|  0%| F|  |TAMS 0x00000000e2e00000, 0x00000000e2e00000| Untracked 
|  47|0x00000000e2f00000, 0x00000000e2f00000, 0x00000000e3000000|  0%| F|  |TAMS 0x00000000e2f00000, 0x00000000e2f00000| Untracked 
|  48|0x00000000e3000000, 0x00000000e3000000, 0x00000000e3100000|  0%| F|  |TAMS 0x00000000e3000000, 0x00000000e3000000| Untracked 
|  49|0x00000000e3100000, 0x00000000e3100000, 0x00000000e3200000|  0%| F|  |TAMS 0x00000000e3100000, 0x00000000e3100000| Untracked 
|  50|0x00000000e3200000, 0x00000000e3200000, 0x00000000e3300000|  0%| F|  |TAMS 0x00000000e3200000, 0x00000000e3200000| Untracked 
|  51|0x00000000e3300000, 0x00000000e3300000, 0x00000000e3400000|  0%| F|  |TAMS 0x00000000e3300000, 0x00000000e3300000| Untracked 
|  52|0x00000000e3400000, 0x00000000e3400000, 0x00000000e3500000|  0%| F|  |TAMS 0x00000000e3400000, 0x00000000e3400000| Untracked 
|  53|0x00000000e3500000, 0x00000000e3500000, 0x00000000e3600000|  0%| F|  |TAMS 0x00000000e3500000, 0x00000000e3500000| Untracked 
|  54|0x00000000e3600000, 0x00000000e3600000, 0x00000000e3700000|  0%| F|  |TAMS 0x00000000e3600000, 0x00000000e3600000| Untracked 
|  55|0x00000000e3700000, 0x00000000e3700000, 0x00000000e3800000|  0%| F|  |TAMS 0x00000000e3700000, 0x00000000e3700000| Untracked 
|  56|0x00000000e3800000, 0x00000000e3800000, 0x00000000e3900000|  0%| F|  |TAMS 0x00000000e3800000, 0x00000000e3800000| Untracked 
|  57|0x00000000e3900000, 0x00000000e3900000, 0x00000000e3a00000|  0%| F|  |TAMS 0x00000000e3900000, 0x00000000e3900000| Untracked 
|  58|0x00000000e3a00000, 0x00000000e3a00000, 0x00000000e3b00000|  0%| F|  |TAMS 0x00000000e3a00000, 0x00000000e3a00000| Untracked 
|  59|0x00000000e3b00000, 0x00000000e3b00000, 0x00000000e3c00000|  0%| F|  |TAMS 0x00000000e3b00000, 0x00000000e3b00000| Untracked 
|  60|0x00000000e3c00000, 0x00000000e3c00000, 0x00000000e3d00000|  0%| F|  |TAMS 0x00000000e3c00000, 0x00000000e3c00000| Untracked 
|  61|0x00000000e3d00000, 0x00000000e3d00000, 0x00000000e3e00000|  0%| F|  |TAMS 0x00000000e3d00000, 0x00000000e3d00000| Untracked 
|  62|0x00000000e3e00000, 0x00000000e3e00000, 0x00000000e3f00000|  0%| F|  |TAMS 0x00000000e3e00000, 0x00000000e3e00000| Untracked 
|  63|0x00000000e3f00000, 0x00000000e3f00000, 0x00000000e4000000|  0%| F|  |TAMS 0x00000000e3f00000, 0x00000000e3f00000| Untracked 
|  64|0x00000000e4000000, 0x00000000e4000000, 0x00000000e4100000|  0%| F|  |TAMS 0x00000000e4000000, 0x00000000e4000000| Untracked 
|  65|0x00000000e4100000, 0x00000000e4100000, 0x00000000e4200000|  0%| F|  |TAMS 0x00000000e4100000, 0x00000000e4100000| Untracked 
|  66|0x00000000e4200000, 0x00000000e4200000, 0x00000000e4300000|  0%| F|  |TAMS 0x00000000e4200000, 0x00000000e4200000| Untracked 
|  67|0x00000000e4300000, 0x00000000e4300000, 0x00000000e4400000|  0%| F|  |TAMS 0x00000000e4300000, 0x00000000e4300000| Untracked 
|  68|0x00000000e4400000, 0x00000000e4400000, 0x00000000e4500000|  0%| F|  |TAMS 0x00000000e4400000, 0x00000000e4400000| Untracked 
|  69|0x00000000e4500000, 0x00000000e4500000, 0x00000000e4600000|  0%| F|  |TAMS 0x00000000e4500000, 0x00000000e4500000| Untracked 
|  70|0x00000000e4600000, 0x00000000e4600000, 0x00000000e4700000|  0%| F|  |TAMS 0x00000000e4600000, 0x00000000e4600000| Untracked 
|  71|0x00000000e4700000, 0x00000000e4700000, 0x00000000e4800000|  0%| F|  |TAMS 0x00000000e4700000, 0x00000000e4700000| Untracked 
|  72|0x00000000e4800000, 0x00000000e4800000, 0x00000000e4900000|  0%| F|  |TAMS 0x00000000e4800000, 0x00000000e4800000| Untracked 
|  73|0x00000000e4900000, 0x00000000e4900000, 0x00000000e4a00000|  0%| F|  |TAMS 0x00000000e4900000, 0x00000000e4900000| Untracked 
|  74|0x00000000e4a00000, 0x00000000e4a00000, 0x00000000e4b00000|  0%| F|  |TAMS 0x00000000e4a00000, 0x00000000e4a00000| Untracked 
|  75|0x00000000e4b00000, 0x00000000e4b00000, 0x00000000e4c00000|  0%| F|  |TAMS 0x00000000e4b00000, 0x00000000e4b00000| Untracked 
|  76|0x00000000e4c00000, 0x00000000e4c00000, 0x00000000e4d00000|  0%| F|  |TAMS 0x00000000e4c00000, 0x00000000e4c00000| Untracked 
|  77|0x00000000e4d00000, 0x00000000e4d00000, 0x00000000e4e00000|  0%| F|  |TAMS 0x00000000e4d00000, 0x00000000e4d00000| Untracked 
|  78|0x00000000e4e00000, 0x00000000e4e00000, 0x00000000e4f00000|  0%| F|  |TAMS 0x00000000e4e00000, 0x00000000e4e00000| Untracked 
|  79|0x00000000e4f00000, 0x00000000e4f00000, 0x00000000e5000000|  0%| F|  |TAMS 0x00000000e4f00000, 0x00000000e4f00000| Untracked 
|  80|0x00000000e5000000, 0x00000000e5000000, 0x00000000e5100000|  0%| F|  |TAMS 0x00000000e5000000, 0x00000000e5000000| Untracked 
|  81|0x00000000e5100000, 0x00000000e5100000, 0x00000000e5200000|  0%| F|  |TAMS 0x00000000e5100000, 0x00000000e5100000| Untracked 
|  82|0x00000000e5200000, 0x00000000e5200000, 0x00000000e5300000|  0%| F|  |TAMS 0x00000000e5200000, 0x00000000e5200000| Untracked 
|  83|0x00000000e5300000, 0x00000000e5300000, 0x00000000e5400000|  0%| F|  |TAMS 0x00000000e5300000, 0x00000000e5300000| Untracked 
|  84|0x00000000e5400000, 0x00000000e5400000, 0x00000000e5500000|  0%| F|  |TAMS 0x00000000e5400000, 0x00000000e5400000| Untracked 
|  85|0x00000000e5500000, 0x00000000e5500000, 0x00000000e5600000|  0%| F|  |TAMS 0x00000000e5500000, 0x00000000e5500000| Untracked 
|  86|0x00000000e5600000, 0x00000000e5600000, 0x00000000e5700000|  0%| F|  |TAMS 0x00000000e5600000, 0x00000000e5600000| Untracked 
|  87|0x00000000e5700000, 0x00000000e5700000, 0x00000000e5800000|  0%| F|  |TAMS 0x00000000e5700000, 0x00000000e5700000| Untracked 
|  88|0x00000000e5800000, 0x00000000e5800000, 0x00000000e5900000|  0%| F|  |TAMS 0x00000000e5800000, 0x00000000e5800000| Untracked 
|  89|0x00000000e5900000, 0x00000000e5900000, 0x00000000e5a00000|  0%| F|  |TAMS 0x00000000e5900000, 0x00000000e5900000| Untracked 
|  90|0x00000000e5a00000, 0x00000000e5a00000, 0x00000000e5b00000|  0%| F|  |TAMS 0x00000000e5a00000, 0x00000000e5a00000| Untracked 
|  91|0x00000000e5b00000, 0x00000000e5b00000, 0x00000000e5c00000|  0%| F|  |TAMS 0x00000000e5b00000, 0x00000000e5b00000| Untracked 
|  92|0x00000000e5c00000, 0x00000000e5c00000, 0x00000000e5d00000|  0%| F|  |TAMS 0x00000000e5c00000, 0x00000000e5c00000| Untracked 
|  93|0x00000000e5d00000, 0x00000000e5d00000, 0x00000000e5e00000|  0%| F|  |TAMS 0x00000000e5d00000, 0x00000000e5d00000| Untracked 
|  94|0x00000000e5e00000, 0x00000000e5e00000, 0x00000000e5f00000|  0%| F|  |TAMS 0x00000000e5e00000, 0x00000000e5e00000| Untracked 
|  95|0x00000000e5f00000, 0x00000000e5f00000, 0x00000000e6000000|  0%| F|  |TAMS 0x00000000e5f00000, 0x00000000e5f00000| Untracked 
|  96|0x00000000e6000000, 0x00000000e6000000, 0x00000000e6100000|  0%| F|  |TAMS 0x00000000e6000000, 0x00000000e6000000| Untracked 
|  97|0x00000000e6100000, 0x00000000e6100000, 0x00000000e6200000|  0%| F|  |TAMS 0x00000000e6100000, 0x00000000e6100000| Untracked 
|  98|0x00000000e6200000, 0x00000000e6200000, 0x00000000e6300000|  0%| F|  |TAMS 0x00000000e6200000, 0x00000000e6200000| Untracked 
|  99|0x00000000e6300000, 0x00000000e6300000, 0x00000000e6400000|  0%| F|  |TAMS 0x00000000e6300000, 0x00000000e6300000| Untracked 
| 100|0x00000000e6400000, 0x00000000e6400000, 0x00000000e6500000|  0%| F|  |TAMS 0x00000000e6400000, 0x00000000e6400000| Untracked 
| 101|0x00000000e6500000, 0x00000000e6500000, 0x00000000e6600000|  0%| F|  |TAMS 0x00000000e6500000, 0x00000000e6500000| Untracked 
| 102|0x00000000e6600000, 0x00000000e6600000, 0x00000000e6700000|  0%| F|  |TAMS 0x00000000e6600000, 0x00000000e6600000| Untracked 
| 103|0x00000000e6700000, 0x00000000e6700000, 0x00000000e6800000|  0%| F|  |TAMS 0x00000000e6700000, 0x00000000e6700000| Untracked 
| 104|0x00000000e6800000, 0x00000000e6800000, 0x00000000e6900000|  0%| F|  |TAMS 0x00000000e6800000, 0x00000000e6800000| Untracked 
| 105|0x00000000e6900000, 0x00000000e6900000, 0x00000000e6a00000|  0%| F|  |TAMS 0x00000000e6900000, 0x00000000e6900000| Untracked 
| 106|0x00000000e6a00000, 0x00000000e6a00000, 0x00000000e6b00000|  0%| F|  |TAMS 0x00000000e6a00000, 0x00000000e6a00000| Untracked 
| 107|0x00000000e6b00000, 0x00000000e6b00000, 0x00000000e6c00000|  0%| F|  |TAMS 0x00000000e6b00000, 0x00000000e6b00000| Untracked 
| 108|0x00000000e6c00000, 0x00000000e6c00000, 0x00000000e6d00000|  0%| F|  |TAMS 0x00000000e6c00000, 0x00000000e6c00000| Untracked 
| 109|0x00000000e6d00000, 0x00000000e6d00000, 0x00000000e6e00000|  0%| F|  |TAMS 0x00000000e6d00000, 0x00000000e6d00000| Untracked 
| 110|0x00000000e6e00000, 0x00000000e6e00000, 0x00000000e6f00000|  0%| F|  |TAMS 0x00000000e6e00000, 0x00000000e6e00000| Untracked 
| 111|0x00000000e6f00000, 0x00000000e6f00000, 0x00000000e7000000|  0%| F|  |TAMS 0x00000000e6f00000, 0x00000000e6f00000| Untracked 
| 112|0x00000000e7000000, 0x00000000e7000000, 0x00000000e7100000|  0%| F|  |TAMS 0x00000000e7000000, 0x00000000e7000000| Untracked 
| 113|0x00000000e7100000, 0x00000000e7100000, 0x00000000e7200000|  0%| F|  |TAMS 0x00000000e7100000, 0x00000000e7100000| Untracked 
| 114|0x00000000e7200000, 0x00000000e7200000, 0x00000000e7300000|  0%| F|  |TAMS 0x00000000e7200000, 0x00000000e7200000| Untracked 
| 115|0x00000000e7300000, 0x00000000e7300000, 0x00000000e7400000|  0%| F|  |TAMS 0x00000000e7300000, 0x00000000e7300000| Untracked 
| 116|0x00000000e7400000, 0x00000000e7400000, 0x00000000e7500000|  0%| F|  |TAMS 0x00000000e7400000, 0x00000000e7400000| Untracked 
| 117|0x00000000e7500000, 0x00000000e7500000, 0x00000000e7600000|  0%| F|  |TAMS 0x00000000e7500000, 0x00000000e7500000| Untracked 
| 118|0x00000000e7600000, 0x00000000e7600000, 0x00000000e7700000|  0%| F|  |TAMS 0x00000000e7600000, 0x00000000e7600000| Untracked 
| 119|0x00000000e7700000, 0x00000000e7700000, 0x00000000e7800000|  0%| F|  |TAMS 0x00000000e7700000, 0x00000000e7700000| Untracked 
| 120|0x00000000e7800000, 0x00000000e7800000, 0x00000000e7900000|  0%| F|  |TAMS 0x00000000e7800000, 0x00000000e7800000| Untracked 
| 121|0x00000000e7900000, 0x00000000e7900000, 0x00000000e7a00000|  0%| F|  |TAMS 0x00000000e7900000, 0x00000000e7900000| Untracked 
| 122|0x00000000e7a00000, 0x00000000e7a00000, 0x00000000e7b00000|  0%| F|  |TAMS 0x00000000e7a00000, 0x00000000e7a00000| Untracked 
| 123|0x00000000e7b00000, 0x00000000e7b00000, 0x00000000e7c00000|  0%| F|  |TAMS 0x00000000e7b00000, 0x00000000e7b00000| Untracked 
| 124|0x00000000e7c00000, 0x00000000e7c00000, 0x00000000e7d00000|  0%| F|  |TAMS 0x00000000e7c00000, 0x00000000e7c00000| Untracked 
| 125|0x00000000e7d00000, 0x00000000e7d00000, 0x00000000e7e00000|  0%| F|  |TAMS 0x00000000e7d00000, 0x00000000e7d00000| Untracked 
| 126|0x00000000e7e00000, 0x00000000e7e00000, 0x00000000e7f00000|  0%| F|  |TAMS 0x00000000e7e00000, 0x00000000e7e00000| Untracked 
| 127|0x00000000e7f00000, 0x00000000e7f00000, 0x00000000e8000000|  0%| F|  |TAMS 0x00000000e7f00000, 0x00000000e7f00000| Untracked 
| 128|0x00000000e8000000, 0x00000000e8000000, 0x00000000e8100000|  0%| F|  |TAMS 0x00000000e8000000, 0x00000000e8000000| Untracked 
| 129|0x00000000e8100000, 0x00000000e8100000, 0x00000000e8200000|  0%| F|  |TAMS 0x00000000e8100000, 0x00000000e8100000| Untracked 
| 130|0x00000000e8200000, 0x00000000e8200000, 0x00000000e8300000|  0%| F|  |TAMS 0x00000000e8200000, 0x00000000e8200000| Untracked 
| 131|0x00000000e8300000, 0x00000000e8300000, 0x00000000e8400000|  0%| F|  |TAMS 0x00000000e8300000, 0x00000000e8300000| Untracked 
| 132|0x00000000e8400000, 0x00000000e8400000, 0x00000000e8500000|  0%| F|  |TAMS 0x00000000e8400000, 0x00000000e8400000| Untracked 
| 133|0x00000000e8500000, 0x00000000e8500000, 0x00000000e8600000|  0%| F|  |TAMS 0x00000000e8500000, 0x00000000e8500000| Untracked 
| 134|0x00000000e8600000, 0x00000000e8600000, 0x00000000e8700000|  0%| F|  |TAMS 0x00000000e8600000, 0x00000000e8600000| Untracked 
| 135|0x00000000e8700000, 0x00000000e8700000, 0x00000000e8800000|  0%| F|  |TAMS 0x00000000e8700000, 0x00000000e8700000| Untracked 
| 136|0x00000000e8800000, 0x00000000e8800000, 0x00000000e8900000|  0%| F|  |TAMS 0x00000000e8800000, 0x00000000e8800000| Untracked 
| 137|0x00000000e8900000, 0x00000000e8900000, 0x00000000e8a00000|  0%| F|  |TAMS 0x00000000e8900000, 0x00000000e8900000| Untracked 
| 138|0x00000000e8a00000, 0x00000000e8a00000, 0x00000000e8b00000|  0%| F|  |TAMS 0x00000000e8a00000, 0x00000000e8a00000| Untracked 
| 139|0x00000000e8b00000, 0x00000000e8b00000, 0x00000000e8c00000|  0%| F|  |TAMS 0x00000000e8b00000, 0x00000000e8b00000| Untracked 
| 140|0x00000000e8c00000, 0x00000000e8c00000, 0x00000000e8d00000|  0%| F|  |TAMS 0x00000000e8c00000, 0x00000000e8c00000| Untracked 
| 141|0x00000000e8d00000, 0x00000000e8d00000, 0x00000000e8e00000|  0%| F|  |TAMS 0x00000000e8d00000, 0x00000000e8d00000| Untracked 
| 142|0x00000000e8e00000, 0x00000000e8e00000, 0x00000000e8f00000|  0%| F|  |TAMS 0x00000000e8e00000, 0x00000000e8e00000| Untracked 
| 143|0x00000000e8f00000, 0x00000000e8f00000, 0x00000000e9000000|  0%| F|  |TAMS 0x00000000e8f00000, 0x00000000e8f00000| Untracked 
| 144|0x00000000e9000000, 0x00000000e9000000, 0x00000000e9100000|  0%| F|  |TAMS 0x00000000e9000000, 0x00000000e9000000| Untracked 
| 145|0x00000000e9100000, 0x00000000e9100000, 0x00000000e9200000|  0%| F|  |TAMS 0x00000000e9100000, 0x00000000e9100000| Untracked 
| 146|0x00000000e9200000, 0x00000000e9200000, 0x00000000e9300000|  0%| F|  |TAMS 0x00000000e9200000, 0x00000000e9200000| Untracked 
| 147|0x00000000e9300000, 0x00000000e9300000, 0x00000000e9400000|  0%| F|  |TAMS 0x00000000e9300000, 0x00000000e9300000| Untracked 
| 148|0x00000000e9400000, 0x00000000e9400000, 0x00000000e9500000|  0%| F|  |TAMS 0x00000000e9400000, 0x00000000e9400000| Untracked 
| 149|0x00000000e9500000, 0x00000000e9500000, 0x00000000e9600000|  0%| F|  |TAMS 0x00000000e9500000, 0x00000000e9500000| Untracked 
| 150|0x00000000e9600000, 0x00000000e9600000, 0x00000000e9700000|  0%| F|  |TAMS 0x00000000e9600000, 0x00000000e9600000| Untracked 
| 151|0x00000000e9700000, 0x00000000e9700000, 0x00000000e9800000|  0%| F|  |TAMS 0x00000000e9700000, 0x00000000e9700000| Untracked 
| 152|0x00000000e9800000, 0x00000000e9800000, 0x00000000e9900000|  0%| F|  |TAMS 0x00000000e9800000, 0x00000000e9800000| Untracked 
| 153|0x00000000e9900000, 0x00000000e9900000, 0x00000000e9a00000|  0%| F|  |TAMS 0x00000000e9900000, 0x00000000e9900000| Untracked 
| 154|0x00000000e9a00000, 0x00000000e9a00000, 0x00000000e9b00000|  0%| F|  |TAMS 0x00000000e9a00000, 0x00000000e9a00000| Untracked 
| 155|0x00000000e9b00000, 0x00000000e9b00000, 0x00000000e9c00000|  0%| F|  |TAMS 0x00000000e9b00000, 0x00000000e9b00000| Untracked 
| 156|0x00000000e9c00000, 0x00000000e9c00000, 0x00000000e9d00000|  0%| F|  |TAMS 0x00000000e9c00000, 0x00000000e9c00000| Untracked 
| 157|0x00000000e9d00000, 0x00000000e9d00000, 0x00000000e9e00000|  0%| F|  |TAMS 0x00000000e9d00000, 0x00000000e9d00000| Untracked 
| 158|0x00000000e9e00000, 0x00000000e9e00000, 0x00000000e9f00000|  0%| F|  |TAMS 0x00000000e9e00000, 0x00000000e9e00000| Untracked 
| 159|0x00000000e9f00000, 0x00000000e9f00000, 0x00000000ea000000|  0%| F|  |TAMS 0x00000000e9f00000, 0x00000000e9f00000| Untracked 
| 160|0x00000000ea000000, 0x00000000ea000000, 0x00000000ea100000|  0%| F|  |TAMS 0x00000000ea000000, 0x00000000ea000000| Untracked 
| 161|0x00000000ea100000, 0x00000000ea100000, 0x00000000ea200000|  0%| F|  |TAMS 0x00000000ea100000, 0x00000000ea100000| Untracked 
| 162|0x00000000ea200000, 0x00000000ea200000, 0x00000000ea300000|  0%| F|  |TAMS 0x00000000ea200000, 0x00000000ea200000| Untracked 
| 163|0x00000000ea300000, 0x00000000ea300000, 0x00000000ea400000|  0%| F|  |TAMS 0x00000000ea300000, 0x00000000ea300000| Untracked 
| 164|0x00000000ea400000, 0x00000000ea400000, 0x00000000ea500000|  0%| F|  |TAMS 0x00000000ea400000, 0x00000000ea400000| Untracked 
| 165|0x00000000ea500000, 0x00000000ea500000, 0x00000000ea600000|  0%| F|  |TAMS 0x00000000ea500000, 0x00000000ea500000| Untracked 
| 166|0x00000000ea600000, 0x00000000ea600000, 0x00000000ea700000|  0%| F|  |TAMS 0x00000000ea600000, 0x00000000ea600000| Untracked 
| 167|0x00000000ea700000, 0x00000000ea700000, 0x00000000ea800000|  0%| F|  |TAMS 0x00000000ea700000, 0x00000000ea700000| Untracked 
| 168|0x00000000ea800000, 0x00000000ea800000, 0x00000000ea900000|  0%| F|  |TAMS 0x00000000ea800000, 0x00000000ea800000| Untracked 
| 169|0x00000000ea900000, 0x00000000ea900000, 0x00000000eaa00000|  0%| F|  |TAMS 0x00000000ea900000, 0x00000000ea900000| Untracked 
| 170|0x00000000eaa00000, 0x00000000eaa00000, 0x00000000eab00000|  0%| F|  |TAMS 0x00000000eaa00000, 0x00000000eaa00000| Untracked 
| 171|0x00000000eab00000, 0x00000000eab00000, 0x00000000eac00000|  0%| F|  |TAMS 0x00000000eab00000, 0x00000000eab00000| Untracked 
| 172|0x00000000eac00000, 0x00000000eac00000, 0x00000000ead00000|  0%| F|  |TAMS 0x00000000eac00000, 0x00000000eac00000| Untracked 
| 173|0x00000000ead00000, 0x00000000ead00000, 0x00000000eae00000|  0%| F|  |TAMS 0x00000000ead00000, 0x00000000ead00000| Untracked 
| 174|0x00000000eae00000, 0x00000000eae00000, 0x00000000eaf00000|  0%| F|  |TAMS 0x00000000eae00000, 0x00000000eae00000| Untracked 
| 175|0x00000000eaf00000, 0x00000000eaf00000, 0x00000000eb000000|  0%| F|  |TAMS 0x00000000eaf00000, 0x00000000eaf00000| Untracked 
| 176|0x00000000eb000000, 0x00000000eb000000, 0x00000000eb100000|  0%| F|  |TAMS 0x00000000eb000000, 0x00000000eb000000| Untracked 
| 177|0x00000000eb100000, 0x00000000eb100000, 0x00000000eb200000|  0%| F|  |TAMS 0x00000000eb100000, 0x00000000eb100000| Untracked 
| 178|0x00000000eb200000, 0x00000000eb200000, 0x00000000eb300000|  0%| F|  |TAMS 0x00000000eb200000, 0x00000000eb200000| Untracked 
| 179|0x00000000eb300000, 0x00000000eb300000, 0x00000000eb400000|  0%| F|  |TAMS 0x00000000eb300000, 0x00000000eb300000| Untracked 
| 180|0x00000000eb400000, 0x00000000eb400000, 0x00000000eb500000|  0%| F|  |TAMS 0x00000000eb400000, 0x00000000eb400000| Untracked 
| 181|0x00000000eb500000, 0x00000000eb500000, 0x00000000eb600000|  0%| F|  |TAMS 0x00000000eb500000, 0x00000000eb500000| Untracked 
| 182|0x00000000eb600000, 0x00000000eb600000, 0x00000000eb700000|  0%| F|  |TAMS 0x00000000eb600000, 0x00000000eb600000| Untracked 
| 183|0x00000000eb700000, 0x00000000eb700000, 0x00000000eb800000|  0%| F|  |TAMS 0x00000000eb700000, 0x00000000eb700000| Untracked 
| 184|0x00000000eb800000, 0x00000000eb800000, 0x00000000eb900000|  0%| F|  |TAMS 0x00000000eb800000, 0x00000000eb800000| Untracked 
| 185|0x00000000eb900000, 0x00000000eb900000, 0x00000000eba00000|  0%| F|  |TAMS 0x00000000eb900000, 0x00000000eb900000| Untracked 
| 186|0x00000000eba00000, 0x00000000eba00000, 0x00000000ebb00000|  0%| F|  |TAMS 0x00000000eba00000, 0x00000000eba00000| Untracked 
| 187|0x00000000ebb00000, 0x00000000ebb00000, 0x00000000ebc00000|  0%| F|  |TAMS 0x00000000ebb00000, 0x00000000ebb00000| Untracked 
| 188|0x00000000ebc00000, 0x00000000ebc00000, 0x00000000ebd00000|  0%| F|  |TAMS 0x00000000ebc00000, 0x00000000ebc00000| Untracked 
| 189|0x00000000ebd00000, 0x00000000ebd00000, 0x00000000ebe00000|  0%| F|  |TAMS 0x00000000ebd00000, 0x00000000ebd00000| Untracked 
| 190|0x00000000ebe00000, 0x00000000ebe00000, 0x00000000ebf00000|  0%| F|  |TAMS 0x00000000ebe00000, 0x00000000ebe00000| Untracked 
| 191|0x00000000ebf00000, 0x00000000ebf00000, 0x00000000ec000000|  0%| F|  |TAMS 0x00000000ebf00000, 0x00000000ebf00000| Untracked 
| 192|0x00000000ec000000, 0x00000000ec000000, 0x00000000ec100000|  0%| F|  |TAMS 0x00000000ec000000, 0x00000000ec000000| Untracked 
| 193|0x00000000ec100000, 0x00000000ec100000, 0x00000000ec200000|  0%| F|  |TAMS 0x00000000ec100000, 0x00000000ec100000| Untracked 
| 194|0x00000000ec200000, 0x00000000ec200000, 0x00000000ec300000|  0%| F|  |TAMS 0x00000000ec200000, 0x00000000ec200000| Untracked 
| 195|0x00000000ec300000, 0x00000000ec300000, 0x00000000ec400000|  0%| F|  |TAMS 0x00000000ec300000, 0x00000000ec300000| Untracked 
| 196|0x00000000ec400000, 0x00000000ec400000, 0x00000000ec500000|  0%| F|  |TAMS 0x00000000ec400000, 0x00000000ec400000| Untracked 
| 197|0x00000000ec500000, 0x00000000ec500000, 0x00000000ec600000|  0%| F|  |TAMS 0x00000000ec500000, 0x00000000ec500000| Untracked 
| 198|0x00000000ec600000, 0x00000000ec600000, 0x00000000ec700000|  0%| F|  |TAMS 0x00000000ec600000, 0x00000000ec600000| Untracked 
| 199|0x00000000ec700000, 0x00000000ec700000, 0x00000000ec800000|  0%| F|  |TAMS 0x00000000ec700000, 0x00000000ec700000| Untracked 
| 200|0x00000000ec800000, 0x00000000ec800000, 0x00000000ec900000|  0%| F|  |TAMS 0x00000000ec800000, 0x00000000ec800000| Untracked 
| 201|0x00000000ec900000, 0x00000000ec900000, 0x00000000eca00000|  0%| F|  |TAMS 0x00000000ec900000, 0x00000000ec900000| Untracked 
| 202|0x00000000eca00000, 0x00000000eca00000, 0x00000000ecb00000|  0%| F|  |TAMS 0x00000000eca00000, 0x00000000eca00000| Untracked 
| 203|0x00000000ecb00000, 0x00000000ecb00000, 0x00000000ecc00000|  0%| F|  |TAMS 0x00000000ecb00000, 0x00000000ecb00000| Untracked 
| 204|0x00000000ecc00000, 0x00000000ecc00000, 0x00000000ecd00000|  0%| F|  |TAMS 0x00000000ecc00000, 0x00000000ecc00000| Untracked 
| 205|0x00000000ecd00000, 0x00000000ecd00000, 0x00000000ece00000|  0%| F|  |TAMS 0x00000000ecd00000, 0x00000000ecd00000| Untracked 
| 206|0x00000000ece00000, 0x00000000ece00000, 0x00000000ecf00000|  0%| F|  |TAMS 0x00000000ece00000, 0x00000000ece00000| Untracked 
| 207|0x00000000ecf00000, 0x00000000ecf00000, 0x00000000ed000000|  0%| F|  |TAMS 0x00000000ecf00000, 0x00000000ecf00000| Untracked 
| 208|0x00000000ed000000, 0x00000000ed000000, 0x00000000ed100000|  0%| F|  |TAMS 0x00000000ed000000, 0x00000000ed000000| Untracked 
| 209|0x00000000ed100000, 0x00000000ed100000, 0x00000000ed200000|  0%| F|  |TAMS 0x00000000ed100000, 0x00000000ed100000| Untracked 
| 210|0x00000000ed200000, 0x00000000ed200000, 0x00000000ed300000|  0%| F|  |TAMS 0x00000000ed200000, 0x00000000ed200000| Untracked 
| 211|0x00000000ed300000, 0x00000000ed300000, 0x00000000ed400000|  0%| F|  |TAMS 0x00000000ed300000, 0x00000000ed300000| Untracked 
| 212|0x00000000ed400000, 0x00000000ed400000, 0x00000000ed500000|  0%| F|  |TAMS 0x00000000ed400000, 0x00000000ed400000| Untracked 
| 213|0x00000000ed500000, 0x00000000ed500000, 0x00000000ed600000|  0%| F|  |TAMS 0x00000000ed500000, 0x00000000ed500000| Untracked 
| 214|0x00000000ed600000, 0x00000000ed600000, 0x00000000ed700000|  0%| F|  |TAMS 0x00000000ed600000, 0x00000000ed600000| Untracked 
| 215|0x00000000ed700000, 0x00000000ed700000, 0x00000000ed800000|  0%| F|  |TAMS 0x00000000ed700000, 0x00000000ed700000| Untracked 
| 216|0x00000000ed800000, 0x00000000ed800000, 0x00000000ed900000|  0%| F|  |TAMS 0x00000000ed800000, 0x00000000ed800000| Untracked 
| 217|0x00000000ed900000, 0x00000000ed900000, 0x00000000eda00000|  0%| F|  |TAMS 0x00000000ed900000, 0x00000000ed900000| Untracked 
| 218|0x00000000eda00000, 0x00000000eda00000, 0x00000000edb00000|  0%| F|  |TAMS 0x00000000eda00000, 0x00000000eda00000| Untracked 
| 219|0x00000000edb00000, 0x00000000edb00000, 0x00000000edc00000|  0%| F|  |TAMS 0x00000000edb00000, 0x00000000edb00000| Untracked 
| 220|0x00000000edc00000, 0x00000000edc00000, 0x00000000edd00000|  0%| F|  |TAMS 0x00000000edc00000, 0x00000000edc00000| Untracked 
| 221|0x00000000edd00000, 0x00000000edd00000, 0x00000000ede00000|  0%| F|  |TAMS 0x00000000edd00000, 0x00000000edd00000| Untracked 
| 222|0x00000000ede00000, 0x00000000ede00000, 0x00000000edf00000|  0%| F|  |TAMS 0x00000000ede00000, 0x00000000ede00000| Untracked 
| 223|0x00000000edf00000, 0x00000000ee000000, 0x00000000ee000000|100%| E|  |TAMS 0x00000000edf00000, 0x00000000edf00000| Complete 
| 224|0x00000000ee000000, 0x00000000ee100000, 0x00000000ee100000|100%| E|CS|TAMS 0x00000000ee000000, 0x00000000ee000000| Complete 
| 225|0x00000000ee100000, 0x00000000ee200000, 0x00000000ee200000|100%| E|CS|TAMS 0x00000000ee100000, 0x00000000ee100000| Complete 
| 226|0x00000000ee200000, 0x00000000ee300000, 0x00000000ee300000|100%| E|CS|TAMS 0x00000000ee200000, 0x00000000ee200000| Complete 
| 227|0x00000000ee300000, 0x00000000ee400000, 0x00000000ee400000|100%| E|CS|TAMS 0x00000000ee300000, 0x00000000ee300000| Complete 
| 228|0x00000000ee400000, 0x00000000ee500000, 0x00000000ee500000|100%| E|CS|TAMS 0x00000000ee400000, 0x00000000ee400000| Complete 
| 229|0x00000000ee500000, 0x00000000ee600000, 0x00000000ee600000|100%| E|CS|TAMS 0x00000000ee500000, 0x00000000ee500000| Complete 
| 230|0x00000000ee600000, 0x00000000ee700000, 0x00000000ee700000|100%| E|CS|TAMS 0x00000000ee600000, 0x00000000ee600000| Complete 
| 231|0x00000000ee700000, 0x00000000ee800000, 0x00000000ee800000|100%| E|CS|TAMS 0x00000000ee700000, 0x00000000ee700000| Complete 
| 232|0x00000000ee800000, 0x00000000ee900000, 0x00000000ee900000|100%| E|CS|TAMS 0x00000000ee800000, 0x00000000ee800000| Complete 
| 233|0x00000000ee900000, 0x00000000eea00000, 0x00000000eea00000|100%| S|CS|TAMS 0x00000000ee900000, 0x00000000ee900000| Complete 
| 234|0x00000000eea00000, 0x00000000eeb00000, 0x00000000eeb00000|100%| S|CS|TAMS 0x00000000eea00000, 0x00000000eea00000| Complete 
| 235|0x00000000eeb00000, 0x00000000eec00000, 0x00000000eec00000|100%| S|CS|TAMS 0x00000000eeb00000, 0x00000000eeb00000| Complete 
| 236|0x00000000eec00000, 0x00000000eed00000, 0x00000000eed00000|100%| E|CS|TAMS 0x00000000eec00000, 0x00000000eec00000| Complete 
| 237|0x00000000eed00000, 0x00000000eee00000, 0x00000000eee00000|100%| E|CS|TAMS 0x00000000eed00000, 0x00000000eed00000| Complete 
| 238|0x00000000eee00000, 0x00000000eef00000, 0x00000000eef00000|100%| E|CS|TAMS 0x00000000eee00000, 0x00000000eee00000| Complete 
| 239|0x00000000eef00000, 0x00000000ef000000, 0x00000000ef000000|100%| E|CS|TAMS 0x00000000eef00000, 0x00000000eef00000| Complete 
| 240|0x00000000ef000000, 0x00000000ef100000, 0x00000000ef100000|100%| E|CS|TAMS 0x00000000ef000000, 0x00000000ef000000| Complete 
| 241|0x00000000ef100000, 0x00000000ef200000, 0x00000000ef200000|100%| E|CS|TAMS 0x00000000ef100000, 0x00000000ef100000| Complete 
| 242|0x00000000ef200000, 0x00000000ef300000, 0x00000000ef300000|100%| E|CS|TAMS 0x00000000ef200000, 0x00000000ef200000| Complete 
| 243|0x00000000ef300000, 0x00000000ef400000, 0x00000000ef400000|100%| E|CS|TAMS 0x00000000ef300000, 0x00000000ef300000| Complete 
| 244|0x00000000ef400000, 0x00000000ef500000, 0x00000000ef500000|100%| E|CS|TAMS 0x00000000ef400000, 0x00000000ef400000| Complete 
| 245|0x00000000ef500000, 0x00000000ef600000, 0x00000000ef600000|100%| E|CS|TAMS 0x00000000ef500000, 0x00000000ef500000| Complete 
| 246|0x00000000ef600000, 0x00000000ef700000, 0x00000000ef700000|100%| E|CS|TAMS 0x00000000ef600000, 0x00000000ef600000| Complete 
| 247|0x00000000ef700000, 0x00000000ef800000, 0x00000000ef800000|100%| E|CS|TAMS 0x00000000ef700000, 0x00000000ef700000| Complete 
| 248|0x00000000ef800000, 0x00000000ef900000, 0x00000000ef900000|100%| E|CS|TAMS 0x00000000ef800000, 0x00000000ef800000| Complete 
| 249|0x00000000ef900000, 0x00000000efa00000, 0x00000000efa00000|100%| E|CS|TAMS 0x00000000ef900000, 0x00000000ef900000| Complete 
| 250|0x00000000efa00000, 0x00000000efb00000, 0x00000000efb00000|100%| E|CS|TAMS 0x00000000efa00000, 0x00000000efa00000| Complete 
| 251|0x00000000efb00000, 0x00000000efc00000, 0x00000000efc00000|100%| E|CS|TAMS 0x00000000efb00000, 0x00000000efb00000| Complete 
| 252|0x00000000efc00000, 0x00000000efd00000, 0x00000000efd00000|100%| E|CS|TAMS 0x00000000efc00000, 0x00000000efc00000| Complete 
| 253|0x00000000efd00000, 0x00000000efe00000, 0x00000000efe00000|100%| E|CS|TAMS 0x00000000efd00000, 0x00000000efd00000| Complete 
| 254|0x00000000efe00000, 0x00000000eff00000, 0x00000000eff00000|100%| E|CS|TAMS 0x00000000efe00000, 0x00000000efe00000| Complete 
| 255|0x00000000eff00000, 0x00000000f0000000, 0x00000000f0000000|100%| E|CS|TAMS 0x00000000eff00000, 0x00000000eff00000| Complete 

Card table byte_map: [0x0000000019f10000,0x000000001a010000] _byte_map_base: 0x0000000019810000

Marking Bits (Prev, Next): (CMBitMap*) 0x00000000003ccf18, (CMBitMap*) 0x00000000003ccf50
 Prev Bits: [0x000000001a110000, 0x000000001a910000)
 Next Bits: [0x000000001a910000, 0x000000001b110000)

Polling page: 0x0000000000330000

Metaspace:

Usage:
  Non-class:     15.67 MB capacity,    15.33 MB ( 98%) used,   316.73 KB (  2%) free+waste,    31.56 KB ( <1%) overhead. 
      Class:      2.24 MB capacity,     2.09 MB ( 93%) used,   141.13 KB (  6%) free+waste,    15.69 KB ( <1%) overhead. 
       Both:     17.91 MB capacity,    17.42 MB ( 97%) used,   457.85 KB (  2%) free+waste,    47.25 KB ( <1%) overhead. 

Virtual space:
  Non-class space:       16.00 MB reserved,      15.75 MB ( 98%) committed 
      Class space:      248.00 MB reserved,       2.25 MB ( <1%) committed 
             Both:      264.00 MB reserved,      18.00 MB (  7%) committed 

Chunk freelists:
   Non-Class:  2.00 KB
       Class:  1.00 KB
        Both:  3.00 KB

CodeHeap 'non-profiled nmethods': size=120064Kb used=629Kb max_used=717Kb free=119434Kb
 bounds [0x0000000012480000, 0x00000000126f0000, 0x00000000199c0000]
CodeHeap 'profiled nmethods': size=120000Kb used=3245Kb max_used=3606Kb free=116754Kb
 bounds [0x000000000af50000, 0x000000000b2e0000, 0x0000000012480000]
CodeHeap 'non-nmethods': size=5696Kb used=1117Kb max_used=1132Kb free=4578Kb
 bounds [0x000000000a9c0000, 0x000000000ac30000, 0x000000000af50000]
 total_blobs=2687 nmethods=1554 adapters=356
 compilation: enabled
              stopped_count=0, restarted_count=0
 full_count=0

Compilation events (10 events):
Event: 29.933 Thread 0x000000001e2d7800 nmethod 1775 0x00000000124a4110 code [0x00000000124a42a0, 0x00000000124a4378]
Event: 29.994 Thread 0x000000001e2dc000 1776       3       java.lang.invoke.VarHandleObjects$FieldInstanceReadWrite::compareAndSet (38 bytes)
Event: 29.996 Thread 0x000000001e2dc000 nmethod 1776 0x000000000af99890 code [0x000000000af99b00, 0x000000000af9a4d0]
Event: 29.997 Thread 0x000000001e2d7800 1777   !   4       java.util.concurrent.ConcurrentHashMap::putVal (432 bytes)
Event: 30.018 Thread 0x000000001e2dc000 1779       3       java.util.AbstractList::listIterator (6 bytes)
Event: 30.018 Thread 0x000000001e2dc000 nmethod 1779 0x000000000af88890 code [0x000000000af88a40, 0x000000000af88c70]
Event: 30.018 Thread 0x000000001e2dc000 1780       3       java.util.LinkedList::listIterator (15 bytes)
Event: 30.019 Thread 0x000000001e2dc000 nmethod 1780 0x000000000af8f010 code [0x000000000af8f200, 0x000000000af8f6b0]
Event: 30.059 Thread 0x000000001e2dc000 1781       3       java.util.concurrent.locks.ReentrantLock::unlock (10 bytes)
Event: 30.060 Thread 0x000000001e2dc000 nmethod 1781 0x000000000af8fc90 code [0x000000000af8fe60, 0x000000000af90200]

GC Heap History (8 events):
Event: 6.345 GC heap before
{Heap before GC invocations=0 (full 0):
 garbage-first heap   total 262144K, used 18432K [0x00000000e0000000, 0x0000000100000000)
  region size 1024K, 12 young (12288K), 0 survivors (0K)
 Metaspace       used 6920K, capacity 7065K, committed 7424K, reserved 262144K
  class space    used 616K, capacity 650K, committed 768K, reserved 253952K
}
Event: 6.353 GC heap after
{Heap after GC invocations=1 (full 0):
 garbage-first heap   total 262144K, used 7508K [0x00000000e0000000, 0x0000000100000000)
  region size 1024K, 2 young (2048K), 2 survivors (2048K)
 Metaspace       used 6920K, capacity 7065K, committed 7424K, reserved 262144K
  class space    used 616K, capacity 650K, committed 768K, reserved 253952K
}
Event: 11.157 GC heap before
{Heap before GC invocations=1 (full 0):
 garbage-first heap   total 262144K, used 17748K [0x00000000e0000000, 0x0000000100000000)
  region size 1024K, 12 young (12288K), 2 survivors (2048K)
 Metaspace       used 10243K, capacity 10476K, committed 10624K, reserved 264192K
  class space    used 1068K, capacity 1128K, committed 1152K, reserved 253952K
}
Event: 11.165 GC heap after
{Heap after GC invocations=2 (full 0):
 garbage-first heap   total 262144K, used 8503K [0x00000000e0000000, 0x0000000100000000)
  region size 1024K, 1 young (1024K), 1 survivors (1024K)
 Metaspace       used 10243K, capacity 10476K, committed 10624K, reserved 264192K
  class space    used 1068K, capacity 1128K, committed 1152K, reserved 253952K
}
Event: 14.410 GC heap before
{Heap before GC invocations=2 (full 0):
 garbage-first heap   total 262144K, used 20791K [0x00000000e0000000, 0x0000000100000000)
  region size 1024K, 14 young (14336K), 1 survivors (1024K)
 Metaspace       used 10851K, capacity 11141K, committed 11264K, reserved 264192K
  class space    used 1134K, capacity 1200K, committed 1280K, reserved 253952K
}
Event: 14.415 GC heap after
{Heap after GC invocations=3 (full 0):
 garbage-first heap   total 262144K, used 8826K [0x00000000e0000000, 0x0000000100000000)
  region size 1024K, 2 young (2048K), 2 survivors (2048K)
 Metaspace       used 10851K, capacity 11141K, committed 11264K, reserved 264192K
  class space    used 1134K, capacity 1200K, committed 1280K, reserved 253952K
}
Event: 20.723 GC heap before
{Heap before GC invocations=3 (full 0):
 garbage-first heap   total 262144K, used 27258K [0x00000000e0000000, 0x0000000100000000)
  region size 1024K, 20 young (20480K), 2 survivors (2048K)
 Metaspace       used 11161K, capacity 11485K, committed 11520K, reserved 264192K
  class space    used 1191K, capacity 1272K, committed 1280K, reserved 253952K
}
Event: 20.732 GC heap after
{Heap after GC invocations=4 (full 0):
 garbage-first heap   total 262144K, used 12888K [0x00000000e0000000, 0x0000000100000000)
  region size 1024K, 3 young (3072K), 3 survivors (3072K)
 Metaspace       used 11161K, capacity 11485K, committed 11520K, reserved 264192K
  class space    used 1191K, capacity 1272K, committed 1280K, reserved 253952K
}

Deoptimization events (10 events):
Event: 26.145 Thread 0x00000000003a7800 Uncommon trap: reason=unstable_if action=reinterpret pc=0x00000000124a4418 method=java.lang.String.isLatin1()Z @ 10 c2
Event: 26.268 Thread 0x00000000003a7800 Uncommon trap: reason=bimorphic_or_optimized_type_check action=maybe_recompile pc=0x00000000124de8a4 method=java.util.AbstractList$Itr.hasNext()Z @ 8 c2
Event: 26.268 Thread 0x00000000003a7800 Uncommon trap: reason=bimorphic_or_optimized_type_check action=maybe_recompile pc=0x00000000124dec7c method=java.util.AbstractList$Itr.next()Ljava/lang/Object; @ 14 c2
Event: 26.652 Thread 0x00000000003a7800 Uncommon trap: reason=unstable_if action=reinterpret pc=0x00000000124a57a8 method=java.lang.StringCoding.hasNegatives([BII)Z @ 12 c2
Event: 26.652 Thread 0x00000000003a7800 Uncommon trap: reason=unstable_if action=reinterpret pc=0x000000001248f90c method=java.lang.StringUTF16.compress([CI[BII)I @ 20 c2
Event: 26.978 Thread 0x00000000203e7800 Uncommon trap: reason=bimorphic_or_optimized_type_check action=maybe_recompile pc=0x00000000124de8a4 method=java.util.AbstractList$Itr.hasNext()Z @ 8 c2
Event: 26.979 Thread 0x00000000203e7800 Uncommon trap: reason=bimorphic_or_optimized_type_check action=maybe_recompile pc=0x00000000124dec7c method=java.util.AbstractList$Itr.next()Ljava/lang/Object; @ 14 c2
Event: 27.682 Thread 0x00000000205f5800 Uncommon trap: reason=bimorphic_or_optimized_type_check action=maybe_recompile pc=0x00000000124edddc method=java.util.HashMap.putVal(ILjava/lang/Object;Ljava/lang/Object;ZZ)Ljava/lang/Object; @ 253 c2
Event: 27.683 Thread 0x00000000205f5800 Uncommon trap: reason=bimorphic_or_optimized_type_check action=maybe_recompile pc=0x00000000124edddc method=java.util.HashMap.putVal(ILjava/lang/Object;Ljava/lang/Object;ZZ)Ljava/lang/Object; @ 253 c2
Event: 27.683 Thread 0x00000000205f5800 Uncommon trap: reason=bimorphic_or_optimized_type_check action=maybe_recompile pc=0x00000000124edddc method=java.util.HashMap.putVal(ILjava/lang/Object;Ljava/lang/Object;ZZ)Ljava/lang/Object; @ 253 c2

Classes redefined (0 events):
No events

Internal exceptions (10 events):
Event: 27.262 Thread 0x000000001faf2000 Exception <a 'java/lang/NoSuchMethodError'{0x00000000eee9ed38}: <clinit>> (0x00000000eee9ed38) thrown at [t:/workspace/open/src/hotspot/share/prims/jni.cpp, line 1364]
Event: 27.265 Thread 0x000000001faf2000 Exception <a 'java/lang/NoSuchMethodError'{0x00000000eeea7978}: <clinit>> (0x00000000eeea7978) thrown at [t:/workspace/open/src/hotspot/share/prims/jni.cpp, line 1364]
Event: 27.280 Thread 0x000000001faf2000 Exception <a 'java/lang/NoSuchMethodError'{0x00000000eeeb5c90}: <clinit>> (0x00000000eeeb5c90) thrown at [t:/workspace/open/src/hotspot/share/prims/jni.cpp, line 1364]
Event: 27.434 Thread 0x000000001faf2000 Exception <a 'java/lang/NoSuchMethodError'{0x00000000eeefec28}: <clinit>> (0x00000000eeefec28) thrown at [t:/workspace/open/src/hotspot/share/prims/jni.cpp, line 1364]
Event: 27.460 Thread 0x000000001faf2000 Exception <a 'java/lang/NoSuchMethodError'{0x00000000eed3adb8}: <clinit>> (0x00000000eed3adb8) thrown at [t:/workspace/open/src/hotspot/share/prims/jni.cpp, line 1364]
Event: 27.480 Thread 0x000000001faf2000 Exception <a 'java/lang/NoSuchMethodError'{0x00000000eed6dff8}: <clinit>> (0x00000000eed6dff8) thrown at [t:/workspace/open/src/hotspot/share/prims/jni.cpp, line 1364]
Event: 27.485 Thread 0x000000001faf2000 Exception <a 'java/lang/NoSuchMethodError'{0x00000000eed794f0}: <clinit>> (0x00000000eed794f0) thrown at [t:/workspace/open/src/hotspot/share/prims/jni.cpp, line 1364]
Event: 28.355 Thread 0x00000000205f5800 Exception <a 'java/lang/NoSuchMethodError'{0x00000000ee746060}: java.lang.invoke.DelegatingMethodHandle$Holder.reinvoke_L(Ljava/lang/Object;Ljava/lang/Object;Ljava/lang/Object;Ljava/lang/Object;)V> (0x00000000ee746060) thrown at [t:/workspace/open/src/hot
Event: 28.385 Thread 0x00000000205f5800 Exception <a 'java/lang/NoSuchMethodError'{0x00000000ee77c208}: java.lang.invoke.DirectMethodHandle$Holder.invokeInterface(Ljava/lang/Object;Ljava/lang/Object;)J> (0x00000000ee77c208) thrown at [t:/workspace/open/src/hotspot/share/interpreter/linkResolver
Event: 28.391 Thread 0x00000000205f5800 Exception <a 'java/lang/NoSuchMethodError'{0x00000000ee79bbe0}: java.lang.invoke.DelegatingMethodHandle$Holder.reinvoke_L(Ljava/lang/Object;Ljava/lang/Object;Ljava/lang/Object;Ljava/lang/Object;Ljava/lang/Object;Ljava/lang/Object;Ljava/lang/Object;)V> (0x

Events (10 events):
Event: 30.019 loading class org/gradle/nativeplatform/toolchain/internal/msvcpp/DefaultUcrtLocator
Event: 30.019 loading class org/gradle/nativeplatform/toolchain/internal/msvcpp/DefaultUcrtLocator done
Event: 30.033 loading class org/gradle/nativeplatform/toolchain/internal/msvcpp/UcrtLocator
Event: 30.033 loading class org/gradle/nativeplatform/toolchain/internal/msvcpp/UcrtLocator done
Event: 30.034 loading class org/gradle/nativeplatform/toolchain/internal/msvcpp/AbstractWindowsKitComponentLocator
Event: 30.034 loading class org/gradle/nativeplatform/toolchain/internal/msvcpp/AbstractWindowsKitComponentLocator done
Event: 30.064 loading class com/google/common/collect/SetMultimap
Event: 30.064 loading class com/google/common/collect/SetMultimap done
Event: 30.064 loading class com/google/common/collect/Multimap
Event: 30.064 loading class com/google/common/collect/Multimap done


Dynamic libraries:
0x000000013f020000 - 0x000000013f065000 	C:\Java\jdk-11\bin\java.exe
0x0000000077040000 - 0x00000000771ea000 	C:\Windows\SYSTEM32\ntdll.dll
0x0000000076f20000 - 0x000000007703f000 	C:\Windows\system32\kernel32.dll
0x000007fefd050000 - 0x000007fefd0ba000 	C:\Windows\system32\KERNELBASE.dll
0x0000000076e20000 - 0x0000000076f1a000 	C:\Windows\system32\USER32.dll
0x000007fefd0f0000 - 0x000007fefd157000 	C:\Windows\system32\GDI32.dll
0x000007fefeac0000 - 0x000007fefeace000 	C:\Windows\system32\LPK.dll
0x000007fefe9f0000 - 0x000007fefeabb000 	C:\Windows\system32\USP10.dll
0x000007fefd160000 - 0x000007fefd1ff000 	C:\Windows\system32\msvcrt.dll
0x000007fefb780000 - 0x000007fefb974000 	C:\Windows\WinSxS\amd64_microsoft.windows.common-controls_6595b64144ccf1df_6.0.7601.18837_none_fa3b1e3d17594757\COMCTL32.dll
0x000007fefe970000 - 0x000007fefe9e1000 	C:\Windows\system32\SHLWAPI.dll
0x000007fefd3e0000 - 0x000007fefd40e000 	C:\Windows\system32\IMM32.DLL
0x000007fefd700000 - 0x000007fefd809000 	C:\Windows\system32\MSCTF.dll
0x000007fefac70000 - 0x000007fefac73000 	C:\Windows\system32\api-ms-win-core-synch-l1-2-0.DLL
0x000007fef5ff0000 - 0x000007fef6006000 	C:\Java\jdk-11\bin\vcruntime140.dll
0x000007fef5fe0000 - 0x000007fef5fe4000 	C:\Java\jdk-11\bin\api-ms-win-crt-runtime-l1-1-0.dll
0x000007fee85a0000 - 0x000007fee8696000 	C:\Java\jdk-11\bin\ucrtbase.DLL
0x000007fef5fd0000 - 0x000007fef5fd3000 	C:\Java\jdk-11\bin\api-ms-win-core-localization-l1-2-0.dll
0x000007fef5fc0000 - 0x000007fef5fc3000 	C:\Java\jdk-11\bin\api-ms-win-core-processthreads-l1-1-1.dll
0x000007fef5fb0000 - 0x000007fef5fb3000 	C:\Java\jdk-11\bin\api-ms-win-core-file-l1-2-0.dll
0x000007fef5fa0000 - 0x000007fef5fa3000 	C:\Java\jdk-11\bin\api-ms-win-core-timezone-l1-1-0.dll
0x000007fef5f90000 - 0x000007fef5f93000 	C:\Java\jdk-11\bin\api-ms-win-core-file-l2-1-0.dll
0x000007fef5f80000 - 0x000007fef5f84000 	C:\Java\jdk-11\bin\api-ms-win-crt-string-l1-1-0.dll
0x000007fef5f70000 - 0x000007fef5f73000 	C:\Java\jdk-11\bin\api-ms-win-crt-heap-l1-1-0.dll
0x000007fef5f60000 - 0x000007fef5f64000 	C:\Java\jdk-11\bin\api-ms-win-crt-stdio-l1-1-0.dll
0x000007fef5f50000 - 0x000007fef5f54000 	C:\Java\jdk-11\bin\api-ms-win-crt-convert-l1-1-0.dll
0x000007fee8950000 - 0x000007fee89fa000 	C:\Java\jdk-11\bin\msvcp140.dll
0x000007fef5f40000 - 0x000007fef5f43000 	C:\Java\jdk-11\bin\api-ms-win-crt-locale-l1-1-0.dll
0x000007fef5f30000 - 0x000007fef5f35000 	C:\Java\jdk-11\bin\api-ms-win-crt-math-l1-1-0.dll
0x000007fef5f20000 - 0x000007fef5f25000 	C:\Java\jdk-11\bin\api-ms-win-crt-multibyte-l1-1-0.dll
0x000007fef5f10000 - 0x000007fef5f13000 	C:\Java\jdk-11\bin\api-ms-win-crt-time-l1-1-0.dll
0x000007fef5f00000 - 0x000007fef5f03000 	C:\Java\jdk-11\bin\api-ms-win-crt-filesystem-l1-1-0.dll
0x000007fee93c0000 - 0x000007fee93c3000 	C:\Java\jdk-11\bin\api-ms-win-crt-environment-l1-1-0.dll
0x000007fee8cd0000 - 0x000007fee8cd3000 	C:\Java\jdk-11\bin\api-ms-win-crt-utility-l1-1-0.dll
0x000007fedb620000 - 0x000007fedc161000 	C:\Java\jdk-11\bin\server\jvm.dll
0x000007fefe890000 - 0x000007fefe96b000 	C:\Windows\system32\ADVAPI32.dll
0x000007fefd410000 - 0x000007fefd42f000 	C:\Windows\SYSTEM32\sechost.dll
0x000007fefeea0000 - 0x000007fefefcd000 	C:\Windows\system32\RPCRT4.dll
0x000007feee450000 - 0x000007feee459000 	C:\Windows\system32\WSOCK32.dll
0x000007fefd810000 - 0x000007fefd85d000 	C:\Windows\system32\WS2_32.dll
0x000007fefe880000 - 0x000007fefe888000 	C:\Windows\system32\NSI.dll
0x000007fef6eb0000 - 0x000007fef6eeb000 	C:\Windows\system32\WINMM.dll
0x000007fefbe10000 - 0x000007fefbe1c000 	C:\Windows\system32\VERSION.dll
0x0000000077210000 - 0x0000000077217000 	C:\Windows\system32\PSAPI.DLL
0x000007fee8cb0000 - 0x000007fee8cc1000 	C:\Java\jdk-11\bin\verify.dll
0x000007fef63c0000 - 0x000007fef64e5000 	C:\Windows\system32\DBGHELP.DLL
0x000007fee8570000 - 0x000007fee8598000 	C:\Java\jdk-11\bin\java.dll
0x000007fee8c90000 - 0x000007fee8ca6000 	C:\Java\jdk-11\bin\zip.dll
0x000007fee8560000 - 0x000007fee856a000 	C:\Java\jdk-11\bin\jimage.dll
0x000007fefd960000 - 0x000007fefe6ea000 	C:\Windows\system32\SHELL32.dll
0x000007feff150000 - 0x000007feff34c000 	C:\Windows\system32\ole32.dll
0x000007fefcd40000 - 0x000007fefcd4f000 	C:\Windows\system32\profapi.dll
0x000007fee8510000 - 0x000007fee8529000 	C:\Java\jdk-11\bin\net.dll
0x000007fef6e30000 - 0x000007fef6ea1000 	C:\Windows\system32\WINHTTP.dll
0x000007fef6dc0000 - 0x000007fef6e25000 	C:\Windows\system32\webio.dll
0x000007fefc4c0000 - 0x000007fefc515000 	C:\Windows\system32\mswsock.dll
0x000007fefc4b0000 - 0x000007fefc4b7000 	C:\Windows\System32\wship6.dll
0x000007fee84f0000 - 0x000007fee8503000 	C:\Java\jdk-11\bin\nio.dll
0x000007fef6150000 - 0x000007fef6177000 	C:\Users\317\.gradle\native\481b90ef2c2b5ab96622bab5346fdaaafe5c91895d4d4de1c4fe4b2e89a8011f\windows-amd64\native-platform.dll
0x000007fee8550000 - 0x000007fee8559000 	C:\Java\jdk-11\bin\management.dll
0x000007fee8540000 - 0x000007fee854c000 	C:\Java\jdk-11\bin\management_ext.dll
0x000007fefc520000 - 0x000007fefc538000 	C:\Windows\system32\CRYPTSP.dll
0x000007fefc220000 - 0x000007fefc267000 	C:\Windows\system32\rsaenh.dll
0x000007fefd000000 - 0x000007fefd01e000 	C:\Windows\system32\USERENV.dll
0x000007fefcbd0000 - 0x000007fefcbdf000 	C:\Windows\system32\CRYPTBASE.dll
0x000007fefa580000 - 0x000007fefa5a7000 	C:\Windows\system32\IPHLPAPI.DLL
0x000007fefa570000 - 0x000007fefa57b000 	C:\Windows\system32\WINNSI.DLL
0x000007fefa380000 - 0x000007fefa391000 	C:\Windows\system32\dhcpcsvc6.DLL
0x000007fefa360000 - 0x000007fefa378000 	C:\Windows\system32\dhcpcsvc.DLL

dbghelp: loaded successfully - version: 4.0.5 - missing functions: none
symbol engine: initialized successfully - sym options: 0x614 - pdb path: .;C:\Java\jdk-11\bin;C:\Windows\SYSTEM32;C:\Windows\WinSxS\amd64_microsoft.windows.common-controls_6595b64144ccf1df_6.0.7601.18837_none_fa3b1e3d17594757;C:\Java\jdk-11\bin\server;C:\Users\317\.gradle\native\481b90ef2c2b5ab96622bab5346fdaaafe5c91895d4d4de1c4fe4b2e89a8011f\windows-amd64

VM Arguments:
jvm_args: --add-opens=java.base/java.util=ALL-UNNAMED --add-opens=java.base/java.lang=ALL-UNNAMED --add-opens=java.base/java.lang.invoke=ALL-UNNAMED --add-opens=java.prefs/java.util.prefs=ALL-UNNAMED -XX:MaxMetaspaceSize=256m -XX:+HeapDumpOnOutOfMemoryError -Xms256m -Xmx512m -Dfile.encoding=windows-1251 -Duser.country=RU -Duser.language=ru -Duser.variant 
java_command: org.gradle.launcher.daemon.bootstrap.GradleDaemon 6.4.1
java_class_path (initial): C:\Users\317\.gradle\wrapper\dists\gradle-6.4.1-all\13imxtezgn9nwzqt8rgtkunh1\gradle-6.4.1\lib\gradle-launcher-6.4.1.jar
Launcher Type: SUN_STANDARD

[Global flags]
     intx CICompilerCount                          = 2                                         {product} {ergonomic}
   size_t CompressedClassSpaceSize                 = 260046848                                 {product} {ergonomic}
     uint ConcGCThreads                            = 1                                         {product} {ergonomic}
     uint G1ConcRefinementThreads                  = 2                                         {product} {ergonomic}
   size_t G1HeapRegionSize                         = 1048576                                   {product} {ergonomic}
    uintx GCDrainStackTargetSize                   = 64                                        {product} {ergonomic}
     bool HeapDumpOnOutOfMemoryError               = true                                   {manageable} {command line}
   size_t InitialHeapSize                          = 268435456                                 {product} {command line}
   size_t MarkStackSize                            = 4194304                                   {product} {ergonomic}
   size_t MaxHeapSize                              = 536870912                                 {product} {command line}
   size_t MaxMetaspaceSize                         = 268435456                                 {product} {command line}
   size_t MaxNewSize                               = 321912832                                 {product} {ergonomic}
   size_t MinHeapDeltaBytes                        = 1048576                                   {product} {ergonomic}
    uintx NonNMethodCodeHeapSize                   = 5824844                                {pd product} {ergonomic}
    uintx NonProfiledCodeHeapSize                  = 122916698                              {pd product} {ergonomic}
    uintx ProfiledCodeHeapSize                     = 122916698                              {pd product} {ergonomic}
    uintx ReservedCodeCacheSize                    = 251658240                              {pd product} {ergonomic}
     bool SegmentedCodeCache                       = true                                      {product} {ergonomic}
     bool UseCompressedClassPointers               = true                                 {lp64_product} {ergonomic}
     bool UseCompressedOops                        = true                                 {lp64_product} {ergonomic}
     bool UseG1GC                                  = true                                      {product} {ergonomic}
     bool UseLargePagesIndividualAllocation        = false                                  {pd product} {ergonomic}

Logging:
Log output configuration:
 #0: stdout all=warning uptime,level,tags
 #1: stderr all=off uptime,level,tags

Environment Variables:
JAVA_HOME=c:\Java\java-se-8u41-ri\
PATH=C:\Java\ideaIU-2020.1.windows\bin\;C:\Program Files (x86)\Intel\TXE Components\TCS\;C:\Program Files\Intel\TXE Components\TCS\;C:\Windows\system32;C:\Windows;C:\Windows\System32\Wbem;C:\Windows\System32\WindowsPowerShell\v1.0\;c:\Java\java-se-8u41-ri\bin\
USERNAME=317
OS=Windows_NT
PROCESSOR_IDENTIFIER=Intel64 Family 6 Model 55 Stepping 8, GenuineIntel



---------------  S Y S T E M  ---------------

OS: Windows 7 , 64 bit Build 7601 (6.1.7601.23915)

CPU:total 2 (initial active 2) (2 cores per cpu, 1 threads per core) family 6 model 55 stepping 8, cmov, cx8, fxsr, mmx, sse, sse2, sse3, ssse3, sse4.1, sse4.2, popcnt, clmul, erms, 3dnowpref, tsc, tscinvbit

Memory: 4k page, system-wide physical 3981M (293M free)
TotalPageFile size 5979M (AvailPageFile size 4M)
current process WorkingSet (physical memory assigned to process): 114M, peak: 114M
current process commit charge ("private bytes"): 362M, peak: 362M

vm_info: OpenJDK 64-Bit Server VM (11+28) for windows-amd64 JRE (11+28), built on Aug 23 2018 03:04:58 by "mach5one" with MS VC++ 15.5 (VS2017)

END.
